2013-01-03 12:45:57 Error: [MissingPluginException] Plugin BootstrapCake could not be found.
#0 /var/www/roles_permissions/lib/Cake/Core/App.php(364): CakePlugin::path('BootstrapCake')
#1 /var/www/roles_permissions/lib/Cake/Core/App.php(225): App::pluginPath('BootstrapCake')
#2 /var/www/roles_permissions/lib/Cake/Core/App.php(542): App::path('View/Helper', 'BootstrapCake')
#3 [internal function]: App::load('BootstrapHelper')
#4 [internal function]: spl_autoload_call('BootstrapHelper')
#5 /var/www/roles_permissions/lib/Cake/View/HelperCollection.php(129): class_exists('BootstrapHelper')
#6 /var/www/roles_permissions/lib/Cake/View/View.php(864): HelperCollection->load('BootstrapCake.B...', Array)
#7 /var/www/roles_permissions/lib/Cake/View/View.php(469): View->loadHelpers()
#8 /var/www/roles_permissions/lib/Cake/Controller/Controller.php(956): View->render(NULL, NULL)
#9 /var/www/roles_permissions/lib/Cake/Routing/Dispatcher.php(193): Controller->render()
#10 /var/www/roles_permissions/lib/Cake/Routing/Dispatcher.php(161): Dispatcher->_invoke(Object(UsersController), Object(CakeRequest), Object(CakeResponse))
#11 /var/www/roles_permissions/app/webroot/index.php(92): Dispatcher->dispatch(Object(CakeRequest), Object(CakeResponse))
#12 {main}
2013-01-03 12:46:31 Error: [MissingPluginException] Plugin BootstrapCake could not be found.
#0 /var/www/roles_permissions/lib/Cake/Core/App.php(364): CakePlugin::path('BootstrapCake')
#1 /var/www/roles_permissions/lib/Cake/Core/App.php(225): App::pluginPath('BootstrapCake')
#2 /var/www/roles_permissions/lib/Cake/Core/App.php(542): App::path('View/Helper', 'BootstrapCake')
#3 [internal function]: App::load('BootstrapHelper')
#4 [internal function]: spl_autoload_call('BootstrapHelper')
#5 /var/www/roles_permissions/lib/Cake/View/HelperCollection.php(129): class_exists('BootstrapHelper')
#6 /var/www/roles_permissions/lib/Cake/View/View.php(864): HelperCollection->load('BootstrapCake.B...', Array)
#7 /var/www/roles_permissions/lib/Cake/View/View.php(469): View->loadHelpers()
#8 /var/www/roles_permissions/lib/Cake/Controller/Controller.php(956): View->render(NULL, NULL)
#9 /var/www/roles_permissions/lib/Cake/Routing/Dispatcher.php(193): Controller->render()
#10 /var/www/roles_permissions/lib/Cake/Routing/Dispatcher.php(161): Dispatcher->_invoke(Object(UsersController), Object(CakeRequest), Object(CakeResponse))
#11 /var/www/roles_permissions/app/webroot/index.php(92): Dispatcher->dispatch(Object(CakeRequest), Object(CakeResponse))
#12 {main}
2013-01-03 15:21:01 Error: [MissingActionException] Action UsersController::login() could not be found.
#0 /var/www/acl_control/lib/Cake/Routing/Dispatcher.php(186): Controller->invokeAction(Object(CakeRequest))
#1 /var/www/acl_control/lib/Cake/Routing/Dispatcher.php(161): Dispatcher->_invoke(Object(UsersController), Object(CakeRequest), Object(CakeResponse))
#2 /var/www/acl_control/app/webroot/index.php(92): Dispatcher->dispatch(Object(CakeRequest), Object(CakeResponse))
#3 {main}
2013-01-03 15:23:06 Error: Fatal Error (1): Call to a member function allow() on a non-object in [/var/www/acl_control/app/Controller/UsersController.php, line 36]
2013-01-03 15:23:06 Error: [FatalErrorException] Call to a member function allow() on a non-object
#0 /var/www/acl_control/lib/Cake/Error/ErrorHandler.php(161): ErrorHandler::handleFatalError(1, 'Call to a membe...', '/var/www/acl_co...', 36)
#1 [internal function]: ErrorHandler::handleError(1, 'Call to a membe...', '/var/www/acl_co...', 36, Array)
#2 /var/www/acl_control/lib/Cake/Core/App.php(926): call_user_func('ErrorHandler::h...', 1, 'Call to a membe...', '/var/www/acl_co...', 36, Array)
#3 /var/www/acl_control/lib/Cake/Core/App.php(899): App::_checkFatalError()
#4 [internal function]: App::shutdown()
#5 {main}
2013-01-03 15:23:26 Error: [MissingHelperException] Helper class AjaxHelper could not be found.
#0 /var/www/acl_control/lib/Cake/View/View.php(864): HelperCollection->load('Ajax', Array)
#1 /var/www/acl_control/lib/Cake/View/View.php(469): View->loadHelpers()
#2 /var/www/acl_control/lib/Cake/Controller/Controller.php(956): View->render(NULL, NULL)
#3 /var/www/acl_control/lib/Cake/Routing/Dispatcher.php(193): Controller->render()
#4 /var/www/acl_control/lib/Cake/Routing/Dispatcher.php(161): Dispatcher->_invoke(Object(UsersController), Object(CakeRequest), Object(CakeResponse))
#5 /var/www/acl_control/app/webroot/index.php(92): Dispatcher->dispatch(Object(CakeRequest), Object(CakeResponse))
#6 {main}
2013-01-03 15:26:03 Error: [MissingActionException] Action UsersController::admin() could not be found.
#0 /var/www/acl_control/lib/Cake/Routing/Dispatcher.php(186): Controller->invokeAction(Object(CakeRequest))
#1 /var/www/acl_control/lib/Cake/Routing/Dispatcher.php(161): Dispatcher->_invoke(Object(UsersController), Object(CakeRequest), Object(CakeResponse))
#2 /var/www/acl_control/app/webroot/index.php(92): Dispatcher->dispatch(Object(CakeRequest), Object(CakeResponse))
#3 {main}
2013-01-03 15:26:22 Error: [MissingActionException] Action UsersController::admin() could not be found.
#0 /var/www/acl_control/lib/Cake/Routing/Dispatcher.php(186): Controller->invokeAction(Object(CakeRequest))
#1 /var/www/acl_control/lib/Cake/Routing/Dispatcher.php(161): Dispatcher->_invoke(Object(UsersController), Object(CakeRequest), Object(CakeResponse))
#2 /var/www/acl_control/app/webroot/index.php(92): Dispatcher->dispatch(Object(CakeRequest), Object(CakeResponse))
#3 {main}
2013-01-03 15:26:31 Error: [MissingActionException] Action UsersController::admin-index() could not be found.
#0 /var/www/acl_control/lib/Cake/Routing/Dispatcher.php(186): Controller->invokeAction(Object(CakeRequest))
#1 /var/www/acl_control/lib/Cake/Routing/Dispatcher.php(161): Dispatcher->_invoke(Object(UsersController), Object(CakeRequest), Object(CakeResponse))
#2 /var/www/acl_control/app/webroot/index.php(92): Dispatcher->dispatch(Object(CakeRequest), Object(CakeResponse))
#3 {main}
2013-01-03 15:26:36 Error: [PrivateActionException] Private Action UsersController::admin_index() is not directly accessible.
#0 /var/www/acl_control/lib/Cake/Routing/Dispatcher.php(186): Controller->invokeAction(Object(CakeRequest))
#1 /var/www/acl_control/lib/Cake/Routing/Dispatcher.php(161): Dispatcher->_invoke(Object(UsersController), Object(CakeRequest), Object(CakeResponse))
#2 /var/www/acl_control/app/webroot/index.php(92): Dispatcher->dispatch(Object(CakeRequest), Object(CakeResponse))
#3 {main}
2013-01-03 15:27:04 Error: [MissingControllerException] Controller class UserController could not be found.
#0 /var/www/acl_control/app/webroot/index.php(92): Dispatcher->dispatch(Object(CakeRequest), Object(CakeResponse))
#1 {main}
2013-01-03 15:27:17 Error: [MissingControllerException] Controller class UserController could not be found.
#0 /var/www/acl_control/app/webroot/index.php(92): Dispatcher->dispatch(Object(CakeRequest), Object(CakeResponse))
#1 {main}
2013-01-03 15:51:52 Error: [MissingHelperException] Helper class AjaxHelper could not be found.
#0 /var/www/acl_control/lib/Cake/View/View.php(864): HelperCollection->load('Ajax', Array)
#1 /var/www/acl_control/lib/Cake/View/View.php(469): View->loadHelpers()
#2 /var/www/acl_control/lib/Cake/Controller/Controller.php(956): View->render(NULL, NULL)
#3 /var/www/acl_control/lib/Cake/Routing/Dispatcher.php(193): Controller->render()
#4 /var/www/acl_control/lib/Cake/Routing/Dispatcher.php(161): Dispatcher->_invoke(Object(PostsController), Object(CakeRequest), Object(CakeResponse))
#5 /var/www/acl_control/app/webroot/index.php(92): Dispatcher->dispatch(Object(CakeRequest), Object(CakeResponse))
#6 {main}
2013-01-03 16:43:21 Error: [CakeException] Authorization adapter "actions" was not found.
#0 /var/www/acl_control/lib/Cake/Controller/Component/AuthComponent.php(376): AuthComponent->constructAuthorize()
#1 /var/www/acl_control/lib/Cake/Controller/Component/AuthComponent.php(326): AuthComponent->isAuthorized(Array)
#2 [internal function]: AuthComponent->startup(Object(UsersController))
#3 /var/www/acl_control/lib/Cake/Utility/ObjectCollection.php(130): call_user_func_array(Array, Array)
#4 [internal function]: ObjectCollection->trigger(Object(CakeEvent))
#5 /var/www/acl_control/lib/Cake/Event/CakeEventManager.php(246): call_user_func(Array, Object(CakeEvent))
#6 /var/www/acl_control/lib/Cake/Controller/Controller.php(670): CakeEventManager->dispatch(Object(CakeEvent))
#7 /var/www/acl_control/lib/Cake/Routing/Dispatcher.php(183): Controller->startupProcess()
#8 /var/www/acl_control/lib/Cake/Routing/Dispatcher.php(161): Dispatcher->_invoke(Object(UsersController), Object(CakeRequest), Object(CakeResponse))
#9 /var/www/acl_control/app/webroot/index.php(92): Dispatcher->dispatch(Object(CakeRequest), Object(CakeResponse))
#10 {main}
2013-01-03 16:43:38 Error: [CakeException] Authorization adapter "actions" was not found.
#0 /var/www/acl_control/lib/Cake/Controller/Component/AuthComponent.php(376): AuthComponent->constructAuthorize()
#1 /var/www/acl_control/lib/Cake/Controller/Component/AuthComponent.php(326): AuthComponent->isAuthorized(Array)
#2 [internal function]: AuthComponent->startup(Object(UsersController))
#3 /var/www/acl_control/lib/Cake/Utility/ObjectCollection.php(130): call_user_func_array(Array, Array)
#4 [internal function]: ObjectCollection->trigger(Object(CakeEvent))
#5 /var/www/acl_control/lib/Cake/Event/CakeEventManager.php(246): call_user_func(Array, Object(CakeEvent))
#6 /var/www/acl_control/lib/Cake/Controller/Controller.php(670): CakeEventManager->dispatch(Object(CakeEvent))
#7 /var/www/acl_control/lib/Cake/Routing/Dispatcher.php(183): Controller->startupProcess()
#8 /var/www/acl_control/lib/Cake/Routing/Dispatcher.php(161): Dispatcher->_invoke(Object(UsersController), Object(CakeRequest), Object(CakeResponse))
#9 /var/www/acl_control/app/webroot/index.php(92): Dispatcher->dispatch(Object(CakeRequest), Object(CakeResponse))
#10 {main}
2013-01-03 16:43:39 Error: [CakeException] Authorization adapter "actions" was not found.
#0 /var/www/acl_control/lib/Cake/Controller/Component/AuthComponent.php(376): AuthComponent->constructAuthorize()
#1 /var/www/acl_control/lib/Cake/Controller/Component/AuthComponent.php(326): AuthComponent->isAuthorized(Array)
#2 [internal function]: AuthComponent->startup(Object(UsersController))
#3 /var/www/acl_control/lib/Cake/Utility/ObjectCollection.php(130): call_user_func_array(Array, Array)
#4 [internal function]: ObjectCollection->trigger(Object(CakeEvent))
#5 /var/www/acl_control/lib/Cake/Event/CakeEventManager.php(246): call_user_func(Array, Object(CakeEvent))
#6 /var/www/acl_control/lib/Cake/Controller/Controller.php(670): CakeEventManager->dispatch(Object(CakeEvent))
#7 /var/www/acl_control/lib/Cake/Routing/Dispatcher.php(183): Controller->startupProcess()
#8 /var/www/acl_control/lib/Cake/Routing/Dispatcher.php(161): Dispatcher->_invoke(Object(UsersController), Object(CakeRequest), Object(CakeResponse))
#9 /var/www/acl_control/app/webroot/index.php(92): Dispatcher->dispatch(Object(CakeRequest), Object(CakeResponse))
#10 {main}
2013-01-03 16:45:22 Error: [CakeException] Authorization adapter "view" was not found.
#0 /var/www/acl_control/lib/Cake/Controller/Component/AuthComponent.php(376): AuthComponent->constructAuthorize()
#1 /var/www/acl_control/lib/Cake/Controller/Component/AuthComponent.php(326): AuthComponent->isAuthorized(Array)
#2 [internal function]: AuthComponent->startup(Object(UsersController))
#3 /var/www/acl_control/lib/Cake/Utility/ObjectCollection.php(130): call_user_func_array(Array, Array)
#4 [internal function]: ObjectCollection->trigger(Object(CakeEvent))
#5 /var/www/acl_control/lib/Cake/Event/CakeEventManager.php(246): call_user_func(Array, Object(CakeEvent))
#6 /var/www/acl_control/lib/Cake/Controller/Controller.php(670): CakeEventManager->dispatch(Object(CakeEvent))
#7 /var/www/acl_control/lib/Cake/Routing/Dispatcher.php(183): Controller->startupProcess()
#8 /var/www/acl_control/lib/Cake/Routing/Dispatcher.php(161): Dispatcher->_invoke(Object(UsersController), Object(CakeRequest), Object(CakeResponse))
#9 /var/www/acl_control/app/webroot/index.php(92): Dispatcher->dispatch(Object(CakeRequest), Object(CakeResponse))
#10 {main}
2013-01-03 16:46:21 Error: [CakeException] Authorization adapter "actions" was not found.
#0 /var/www/acl_control/lib/Cake/Controller/Component/AuthComponent.php(376): AuthComponent->constructAuthorize()
#1 /var/www/acl_control/lib/Cake/Controller/Component/AuthComponent.php(326): AuthComponent->isAuthorized(Array)
#2 [internal function]: AuthComponent->startup(Object(UsersController))
#3 /var/www/acl_control/lib/Cake/Utility/ObjectCollection.php(130): call_user_func_array(Array, Array)
#4 [internal function]: ObjectCollection->trigger(Object(CakeEvent))
#5 /var/www/acl_control/lib/Cake/Event/CakeEventManager.php(246): call_user_func(Array, Object(CakeEvent))
#6 /var/www/acl_control/lib/Cake/Controller/Controller.php(670): CakeEventManager->dispatch(Object(CakeEvent))
#7 /var/www/acl_control/lib/Cake/Routing/Dispatcher.php(183): Controller->startupProcess()
#8 /var/www/acl_control/lib/Cake/Routing/Dispatcher.php(161): Dispatcher->_invoke(Object(UsersController), Object(CakeRequest), Object(CakeResponse))
#9 /var/www/acl_control/app/webroot/index.php(92): Dispatcher->dispatch(Object(CakeRequest), Object(CakeResponse))
#10 {main}
2013-01-03 16:46:37 Error: [CakeException] Authorization adapter "actions" was not found.
#0 /var/www/acl_control/lib/Cake/Controller/Component/AuthComponent.php(376): AuthComponent->constructAuthorize()
#1 /var/www/acl_control/lib/Cake/Controller/Component/AuthComponent.php(326): AuthComponent->isAuthorized(Array)
#2 [internal function]: AuthComponent->startup(Object(UsersController))
#3 /var/www/acl_control/lib/Cake/Utility/ObjectCollection.php(130): call_user_func_array(Array, Array)
#4 [internal function]: ObjectCollection->trigger(Object(CakeEvent))
#5 /var/www/acl_control/lib/Cake/Event/CakeEventManager.php(246): call_user_func(Array, Object(CakeEvent))
#6 /var/www/acl_control/lib/Cake/Controller/Controller.php(670): CakeEventManager->dispatch(Object(CakeEvent))
#7 /var/www/acl_control/lib/Cake/Routing/Dispatcher.php(183): Controller->startupProcess()
#8 /var/www/acl_control/lib/Cake/Routing/Dispatcher.php(161): Dispatcher->_invoke(Object(UsersController), Object(CakeRequest), Object(CakeResponse))
#9 /var/www/acl_control/app/webroot/index.php(92): Dispatcher->dispatch(Object(CakeRequest), Object(CakeResponse))
#10 {main}
